<?xml version="1.0" encoding="utf-8"?>
<report xmlns:xsi="http://www.w3.org/2001/XMLSchema-instance" xmlns:xsd="http://www.w3.org/2001/XMLSchema" xmlns="http://www.gallio.org/">
  <testPackageConfig>
    <assemblyFiles>
      <assemblyFile>D:\documents\petrik\software\nSarrac\code\unstable\v1\bin\build\NSarrac.Framework.Test.Unit.dll</assemblyFile>
      <assemblyFile>D:\documents\petrik\software\nSarrac\code\unstable\v1\bin\build\NSarrac.Processors.BugTrackers.Test.Unit.dll</assemblyFile>
      <assemblyFile>D:\documents\petrik\software\nSarrac\code\unstable\v1\bin\build\NSarrac.Processors.Test.Unit.dll</assemblyFile>
    </assemblyFiles>
    <hintDirectories />
    <excludedFrameworkIds />
    <hostSetup enableShadowCopy="false" debug="false" configurationFileLocation="appBase" processorArchitecture="None">
      <configuration legacyUnhandledExceptionPolicyEnabled="true" assertUiEnabled="false" remotingCustomErrorsEnabled="false">
        <assemblyQualifications />
        <assemblyDependencies />
        <supportedRuntimeVersions />
      </configuration>
    </hostSetup>
  </testPackageConfig>
  <testModel>
    <test id="c2722843734a7a54" name="Root" fullName="" isTestCase="false">
      <codeReference />
      <codeLocation />
      <metadata>
        <entry key="TestKind">
          <value>Root</value>
        </entry>
      </metadata>
      <children>
        <test id="e9ba7b32f33cfad8" name="MbUnit v3.0.6.787" fullName="MbUnit v3.0.6.787" isTestCase="false">
          <codeReference />
          <codeLocation />
          <metadata>
            <entry key="TestKind">
              <value>Framework</value>
            </entry>
          </metadata>
          <children>
            <test id="e63718b972bc983d" name="NSarrac.Framework.Test.Unit" fullName="MbUnit v3.0.6.787/NSarrac.Framework.Test.Unit" isTestCase="false">
              <codeReference assembly="NSarrac.Framework.Test.Unit, Version=1.0.0.0, Culture=neutral, PublicKeyToken=null" />
              <codeLocation path="D:\documents\petrik\software\nSarrac\code\unstable\v1\bin\build\NSarrac.Framework.Test.Unit.DLL" />
              <metadata>
                <entry key="TestKind">
                  <value>Assembly</value>
                </entry>
                <entry key="CodeBase">
                  <value>D:\documents\petrik\software\nSarrac\code\unstable\v1\bin\build\NSarrac.Framework.Test.Unit.DLL</value>
                </entry>
                <entry key="Company">
                  <value>Microsoft</value>
                </entry>
                <entry key="Copyright">
                  <value>Copyright Â© Microsoft 2009</value>
                </entry>
                <entry key="FileVersion">
                  <value>1.0.0.0</value>
                </entry>
                <entry key="Product">
                  <value>NSarrac.Framework</value>
                </entry>
                <entry key="Title">
                  <value>NSarrac.Framework</value>
                </entry>
                <entry key="Version">
                  <value>1.0.0.0</value>
                </entry>
              </metadata>
              <children>
                <test id="f30bb0da75518d20" name="MachineDataTest" fullName="MbUnit v3.0.6.787/NSarrac.Framework.Test.Unit/MachineDataTest" isTestCase="false">
                  <codeReference assembly="NSarrac.Framework.Test.Unit, Version=1.0.0.0, Culture=neutral, PublicKeyToken=null" namespace="NSarrac.Framework.Test.Unit" type="NSarrac.Framework.Test.Unit.MachineDataTest" />
                  <codeLocation path="d:\documents\petrik\software\nSarrac\code\unstable\v1\src\framework.test.unit\MachineDataTest.cs" />
                  <metadata>
                    <entry key="TestKind">
                      <value>Fixture</value>
                    </entry>
                    <entry key="Description">
                      <value>Tests the MachineData class.</value>
                    </entry>
                  </metadata>
                  <children>
                    <test id="1f42f36b368ae5da" name="Create" fullName="MbUnit v3.0.6.787/NSarrac.Framework.Test.Unit/MachineDataTest/Create" isTestCase="true">
                      <codeReference assembly="NSarrac.Framework.Test.Unit, Version=1.0.0.0, Culture=neutral, PublicKeyToken=null" namespace="NSarrac.Framework.Test.Unit" type="NSarrac.Framework.Test.Unit.MachineDataTest" member="Create" />
                      <codeLocation path="d:\documents\petrik\software\nSarrac\code\unstable\v1\src\framework.test.unit\MachineDataTest.cs" line="22" />
                      <metadata>
                        <entry key="TestKind">
                          <value>Test</value>
                        </entry>
                        <entry key="Description">
                          <value>Checks that machine data is stored poperly.</value>
                        </entry>
                      </metadata>
                      <children />
                      <parameters />
                    </test>
                    <test id="38bafe1661a21591" name="EqualsWithNullData" fullName="MbUnit v3.0.6.787/NSarrac.Framework.Test.Unit/MachineDataTest/EqualsWithNullData" isTestCase="true">
                      <codeReference assembly="NSarrac.Framework.Test.Unit, Version=1.0.0.0, Culture=neutral, PublicKeyToken=null" namespace="NSarrac.Framework.Test.Unit" type="NSarrac.Framework.Test.Unit.MachineDataTest" member="EqualsWithNullData" />
                      <codeLocation path="d:\documents\petrik\software\nSarrac\code\unstable\v1\src\framework.test.unit\MachineDataTest.cs" line="55" />
                      <metadata>
                        <entry key="TestKind">
                          <value>Test</value>
                        </entry>
                        <entry key="Description">
                          <value>Checks that an object is not equal to a null MachineData object.</value>
                        </entry>
                      </metadata>
                      <children />
                      <parameters />
                    </test>
                    <test id="19acc0ebe743cda4" name="EqualsWithNonEqualData" fullName="MbUnit v3.0.6.787/NSarrac.Framework.Test.Unit/MachineDataTest/EqualsWithNonEqualData" isTestCase="true">
                      <codeReference assembly="NSarrac.Framework.Test.Unit, Version=1.0.0.0, Culture=neutral, PublicKeyToken=null" namespace="NSarrac.Framework.Test.Unit" type="NSarrac.Framework.Test.Unit.MachineDataTest" member="EqualsWithNonEqualData" />
                      <codeLocation path="d:\documents\petrik\software\nSarrac\code\unstable\v1\src\framework.test.unit\MachineDataTest.cs" line="63" />
                      <metadata>
                        <entry key="TestKind">
                          <value>Test</value>
                        </entry>
                        <entry key="Description">
                          <value>Checks that an object is not equal to a different MachineData object.</value>
                        </entry>
                      </metadata>
                      <children />
                      <parameters />
                    </test>
                    <test id="6d7d6a687f37c445" name="EqualsWithEqualData" fullName="MbUnit v3.0.6.787/NSarrac.Framework.Test.Unit/MachineDataTest/EqualsWithEqualData" isTestCase="true">
                      <codeReference assembly="NSarrac.Framework.Test.Unit, Version=1.0.0.0, Culture=neutral, PublicKeyToken=null" namespace="NSarrac.Framework.Test.Unit" type="NSarrac.Framework.Test.Unit.MachineDataTest" member="EqualsWithEqualData" />
                      <codeLocation path="d:\documents\petrik\software\nSarrac\code\unstable\v1\src\framework.test.unit\MachineDataTest.cs" line="73" />
                      <metadata>
                        <entry key="TestKind">
                          <value>Test</value>
                        </entry>
                        <entry key="Description">
                          <value>Checks that an object is equal to an equivalent MachineData object.</value>
                        </entry>
                      </metadata>
                      <children />
                      <parameters />
                    </test>
                    <test id="a42f3e85917365e5" name="CreateWithoutName" fullName="MbUnit v3.0.6.787/NSarrac.Framework.Test.Unit/MachineDataTest/CreateWithoutName" isTestCase="true">
                      <codeReference assembly="NSarrac.Framework.Test.Unit, Version=1.0.0.0, Culture=neutral, PublicKeyToken=null" namespace="NSarrac.Framework.Test.Unit" type="NSarrac.Framework.Test.Unit.MachineDataTest" member="CreateWithoutName" />
                      <codeLocation path="d:\documents\petrik\software\nSarrac\code\unstable\v1\src\framework.test.unit\MachineDataTest.cs" line="34" />
                      <metadata>
                        <entry key="TestKind">
                          <value>Test</value>
                        </entry>
                        <entry key="Description">
                          <value>Checks that the data object cannot be created without a name.</value>
                        </entry>
                      </metadata>
                      <children />
                      <parameters />
                    </test>
                    <test id="7d5599a476d1b9ed" name="CreateWithEmptyName" fullName="MbUnit v3.0.6.787/NSarrac.Framework.Test.Unit/MachineDataTest/CreateWithEmptyName" isTestCase="true">
                      <codeReference assembly="NSarrac.Framework.Test.Unit, Version=1.0.0.0, Culture=neutral, PublicKeyToken=null" namespace="NSarrac.Framework.Test.Unit" type="NSarrac.Framework.Test.Unit.MachineDataTest" member="CreateWithEmptyName" />
                      <codeLocation path="d:\documents\petrik\software\nSarrac\code\unstable\v1\src\framework.test.unit\MachineDataTest.cs" line="41" />
                      <metadata>
                        <entry key="TestKind">
                          <value>Test</value>
                        </entry>
                        <entry key="Description">
                          <value>Checks that the data object cannot be created with an empty name.</value>
                        </entry>
                      </metadata>
                      <children />
                      <parameters />
                    </test>
                    <test id="5b8f3337ea926fa8" name="CreateWithNegativeMemory" fullName="MbUnit v3.0.6.787/NSarrac.Framework.Test.Unit/MachineDataTest/CreateWithNegativeMemory" isTestCase="true">
                      <codeReference assembly="NSarrac.Framework.Test.Unit, Version=1.0.0.0, Culture=neutral, PublicKeyToken=null" namespace="NSarrac.Framework.Test.Unit" type="NSarrac.Framework.Test.Unit.MachineDataTest" member="CreateWithNegativeMemory" />
                      <codeLocation path="d:\documents\petrik\software\nSarrac\code\unstable\v1\src\framework.test.unit\MachineDataTest.cs" line="48" />
                      <metadata>
                        <entry key="TestKind">
                          <value>Test</value>
                        </entry>
                        <entry key="Description">
                          <value>Checks that the data object cannot be created with a negative amount of RAM.</value>
                        </entry>
                      </metadata>
                      <children />
                      <parameters />
                    </test>
                    <test id="3ef522402ad07f68" name="EqualsWithNonEqualObject" fullName="MbUnit v3.0.6.787/NSarrac.Framework.Test.Unit/MachineDataTest/EqualsWithNonEqualObject" isTestCase="true">
                      <codeReference assembly="NSarrac.Framework.Test.Unit, Version=1.0.0.0, Culture=neutral, PublicKeyToken=null" namespace="NSarrac.Framework.Test.Unit" type="NSarrac.Framework.Test.Unit.MachineDataTest" member="EqualsWithNonEqualObject" />
                      <codeLocation path="d:\documents\petrik\software\nSarrac\code\unstable\v1\src\framework.test.unit\MachineDataTest.cs" line="110" />
                      <metadata>
                        <entry key="TestKind">
                          <value>Test</value>
                        </entry>
                        <entry key="Description">
                          <value>Checks that an object is not equal to a different object.</value>
                        </entry>
                      </metadata>
                      <children />
                      <parameters />
                    </test>
                    <test id="1070bfe988cb6ea8" name="EqualsWithEqualObject" fullName="MbUnit v3.0.6.787/NSarrac.Framework.Test.Unit/MachineDataTest/EqualsWithEqualObject" isTestCase="true">
                      <codeReference assembly="NSarrac.Framework.Test.Unit, Version=1.0.0.0, Culture=neutral, PublicKeyToken=null" namespace="NSarrac.Framework.Test.Unit" type="NSarrac.Framework.Test.Unit.MachineDataTest" member="EqualsWithEqualObject" />
                      <codeLocation path="d:\documents\petrik\software\nSarrac\code\unstable\v1\src\framework.test.unit\MachineDataTest.cs" line="120" />
                      <metadata>
                        <entry key="TestKind">
                          <value>Test</value>
                        </entry>
                        <entry key="Description">
                          <value>Checks that an object is equal to an equivalent object.</value>
                        </entry>
                      </metadata>
                      <children />
                      <parameters />
                    </test>
                    <test id="41e3806c9bfeb204" name="EqualsWithSelfObject" fullName="MbUnit v3.0.6.787/NSarrac.Framework.Test.Unit/MachineDataTest/EqualsWithSelfObject" isTestCase="true">
                      <codeReference assembly="NSarrac.Framework.Test.Unit, Version=1.0.0.0, Culture=neutral, PublicKeyToken=null" namespace="NSarrac.Framework.Test.Unit" type="NSarrac.Framework.Test.Unit.MachineDataTest" member="EqualsWithSelfObject" />
                      <codeLocation path="d:\documents\petrik\software\nSarrac\code\unstable\v1\src\framework.test.unit\MachineDataTest.cs" line="130" />
                      <metadata>
                        <entry key="TestKind">
                          <value>Test</value>
                        </entry>
                        <entry key="Description">
                          <value>Checks that an object is equal to itself.</value>
                        </entry>
                      </metadata>
                      <children />
                      <parameters />
                    </test>
                    <test id="bf52306f98181452" name="EqualsWithSelfData" fullName="MbUnit v3.0.6.787/NSarrac.Framework.Test.Unit/MachineDataTest/EqualsWithSelfData" isTestCase="true">
                      <codeReference assembly="NSarrac.Framework.Test.Unit, Version=1.0.0.0, Culture=neutral, PublicKeyToken=null" namespace="NSarrac.Framework.Test.Unit" type="NSarrac.Framework.Test.Unit.MachineDataTest" member="EqualsWithSelfData" />
                      <codeLocation path="d:\documents\petrik\software\nSarrac\code\unstable\v1\src\framework.test.unit\MachineDataTest.cs" line="83" />
                      <metadata>
                        <entry key="TestKind">
                          <value>Test</value>
                        </entry>
                        <entry key="Description">
                          <value>Checks that an object is equal to itself.</value>
                        </entry>
                      </metadata>
                      <children />
                      <parameters />
                    </test>
                    <test id="3bba96b9a1f849d1" name="EqualsWithNullObject" fullName="MbUnit v3.0.6.787/NSarrac.Framework.Test.Unit/MachineDataTest/EqualsWithNullObject" isTestCase="true">
                      <codeReference assembly="NSarrac.Framework.Test.Unit, Version=1.0.0.0, Culture=neutral, PublicKeyToken=null" namespace="NSarrac.Framework.Test.Unit" type="NSarrac.Framework.Test.Unit.MachineDataTest" member="EqualsWithNullObject" />
                      <codeLocation path="d:\documents\petrik\software\nSarrac\code\unstable\v1\src\framework.test.unit\MachineDataTest.cs" line="92" />
                      <metadata>
                        <entry key="TestKind">
                          <value>Test</value>
                        </entry>
                        <entry key="Description">
                          <value>Checks that an object is not equal to a null object.</value>
                        </entry>
                      </metadata>
                      <children />
                      <parameters />
                    </test>
                    <test id="b0f6d1e1305f2f72" name="EqualsWithNonEqualType" fullName="MbUnit v3.0.6.787/NSarrac.Framework.Test.Unit/MachineDataTest/EqualsWithNonEqualType" isTestCase="true">
                      <codeReference assembly="NSarrac.Framework.Test.Unit, Version=1.0.0.0, Culture=neutral, PublicKeyToken=null" namespace="NSarrac.Framework.Test.Unit" type="NSarrac.Framework.Test.Unit.MachineDataTest" member="EqualsWithNonEqualType" />
                      <codeLocation path="d:\documents\petrik\software\nSarrac\code\unstable\v1\src\framework.test.unit\MachineDataTest.cs" line="101" />
                      <metadata>
                        <entry key="TestKind">
                          <value>Test</value>
                        </entry>
                        <entry key="Description">
                          <value>Checks that an object is not equal to a object of a different type.</value>
                        </entry>
                      </metadata>
                      <children />
                      <parameters />
                    </test>
                  </children>
                  <parameters />
                </test>
                <test id="3a03ccfeb8f69d96" name="OperatingSystemDataTest" fullName="MbUnit v3.0.6.787/NSarrac.Framework.Test.Unit/OperatingSystemDataTest" isTestCase="false">
                  <codeReference assembly="NSarrac.Framework.Test.Unit, Version=1.0.0.0, Culture=neutral, PublicKeyToken=null" namespace="NSarrac.Framework.Test.Unit" type="NSarrac.Framework.Test.Unit.OperatingSystemDataTest" />
                  <codeLocation path="d:\documents\petrik\software\nSarrac\code\unstable\v1\src\framework.test.unit\OperatingSystemDataTest.cs" />
                  <metadata>
                    <entry key="TestKind">
                      <value>Fixture</value>
                    </entry>
                    <entry key="Description">
                      <value>Tests the OperatingSystemData class.</value>
                    </entry>
                  </metadata>
                  <children>
                    <test id="7ba5240822fbccf3" name="EqualsWithSelfObject" fullName="MbUnit v3.0.6.787/NSarrac.Framework.Test.Unit/OperatingSystemDataTest/EqualsWithSelfObject" isTestCase="true">
                      <codeReference assembly="NSarrac.Framework.Test.Unit, Version=1.0.0.0, Culture=neutral, PublicKeyToken=null" namespace="NSarrac.Framework.Test.Unit" type="NSarrac.Framework.Test.Unit.OperatingSystemDataTest" member="EqualsWithSelfObject" />
                      <codeLocation path="d:\documents\petrik\software\nSarrac\code\unstable\v1\src\framework.test.unit\OperatingSystemDataTest.cs" line="202" />
                      <metadata>
                        <entry key="TestKind">
                          <value>Test</value>
                        </entry>
                        <entry key="Description">
                          <value>Checks that an object is equal to itself.</value>
                        </entry>
                      </metadata>
                      <children />
                      <parameters />
                    </test>
                    <test id="53f7728cb9bdbecd" name="Create" fullName="MbUnit v3.0.6.787/NSarrac.Framework.Test.Unit/OperatingSystemDataTest/Create" isTestCase="true">
                      <codeReference assembly="NSarrac.Framework.Test.Unit, Version=1.0.0.0, Culture=neutral, PublicKeyToken=null" namespace="NSarrac.Framework.Test.Unit" type="NSarrac.Framework.Test.Unit.OperatingSystemDataTest" member="Create" />
                      <codeLocation path="d:\documents\petrik\software\nSarrac\code\unstable\v1\src\framework.test.unit\OperatingSystemDataTest.cs" line="20" />
                      <metadata>
                        <entry key="TestKind">
                          <value>Test</value>
                        </entry>
                        <entry key="Description">
                          <value>Checks that operating system data is stored properly.</value>
                        </entry>
                      </metadata>
                      <children />
                      <parameters />
                    </test>
                    <test id="c46b6a57cfa8d928" name="EqualsWithEqualObject" fullName="MbUnit v3.0.6.787/NSarrac.Framework.Test.Unit/OperatingSystemDataTest/EqualsWithEqualObject" isTestCase="true">
                      <codeReference assembly="NSarrac.Framework.Test.Unit, Version=1.0.0.0, Culture=neutral, PublicKeyToken=null" namespace="NSarrac.Framework.Test.Unit" type="NSarrac.Framework.Test.Unit.OperatingSystemDataTest" member="EqualsWithEqualObject" />
                      <codeLocation path="d:\documents\petrik\software\nSarrac\code\unstable\v1\src\framework.test.unit\OperatingSystemDataTest.cs" line="183" />
                      <metadata>
                        <entry key="TestKind">
                          <value>Test</value>
                        </entry>
                        <entry key="Description">
                          <value>Checks that an object is equal to an equivalent object.</value>
                        </entry>
                      </metadata>
                      <children />
                      <parameters />
                    </test>
                    <test id="b325f1eb4328e41e" name="CreateWithNullCulture" fullName="MbUnit v3.0.6.787/NSarrac.Framework.Test.Unit/OperatingSystemDataTest/CreateWithNullCulture" isTestCase="true">
                      <codeReference assembly="NSarrac.Framework.Test.Unit, Version=1.0.0.0, Culture=neutral, PublicKeyToken=null" namespace="NSarrac.Framework.Test.Unit" type="NSarrac.Framework.Test.Unit.OperatingSystemDataTest" member="CreateWithNullCulture" />
                      <codeLocation path="d:\documents\petrik\software\nSarrac\code\unstable\v1\src\framework.test.unit\OperatingSystemDataTest.cs" line="64" />
                      <metadata>
                        <entry key="TestKind">
                          <value>Test</value>
                        </entry>
                        <entry key="Description">
                          <value>Checks that the data object cannot be created without a culture.</value>
                        </entry>
                      </metadata>
                      <children />
                      <parameters />
                    </test>
                    <test id="7eaa47c36003d8ca" name="EqualsWithNullData" fullName="MbUnit v3.0.6.787/NSarrac.Framework.Test.Unit/OperatingSystemDataTest/EqualsWithNullData" isTestCase="true">
                      <codeReference assembly="NSarrac.Framework.Test.Unit, Version=1.0.0.0, Culture=neutral, PublicKeyToken=null" namespace="NSarrac.Framework.Test.Unit" type="NSarrac.Framework.Test.Unit.OperatingSystemDataTest" member="EqualsWithNullData" />
                      <codeLocation path="d:\documents\petrik\software\nSarrac\code\unstable\v1\src\framework.test.unit\OperatingSystemDataTest.cs" line="74" />
                      <metadata>
                        <entry key="TestKind">
                          <value>Test</value>
                        </entry>
                        <entry key="Description">
                          <value>Checks that an object is not equal to a null OperatingSytemData object.</value>
                        </entry>
                      </metadata>
                      <children />
                      <parameters />
                    </test>
                    <test id="fe5fd2d51e108aa" name="CreateWithNullPlatform" fullName="MbUnit v3.0.6.787/NSarrac.Framework.Test.Unit/OperatingSystemDataTest/CreateWithNullPlatform" isTestCase="true">
                      <codeReference assembly="NSarrac.Framework.Test.Unit, Version=1.0.0.0, Culture=neutral, PublicKeyToken=null" namespace="NSarrac.Framework.Test.Unit" type="NSarrac.Framework.Test.Unit.OperatingSystemDataTest" member="CreateWithNullPlatform" />
                      <codeLocation path="d:\documents\petrik\software\nSarrac\code\unstable\v1\src\framework.test.unit\OperatingSystemDataTest.cs" line="54" />
                      <metadata>
                        <entry key="TestKind">
                          <value>Test</value>
                        </entry>
                        <entry key="Description">
                          <value>Checks that the data object cannot be created without a platform.</value>
                        </entry>
                      </metadata>
                      <children />
                      <parameters />
                    </test>
                    <test id="f3d19fd0bda9b6d5" name="CreateWithNullName" fullName="MbUnit v3.0.6.787/NSarrac.Framework.Test.Unit/OperatingSystemDataTest/CreateWithNullName" isTestCase="true">
                      <codeReference assembly="NSarrac.Framework.Test.Unit, Version=1.0.0.0, Culture=neutral, PublicKeyToken=null" namespace="NSarrac.Framework.Test.Unit" type="NSarrac.Framework.Test.Unit.OperatingSystemDataTest" member="CreateWithNullName" />
                      <codeLocation path="d:\documents\petrik\software\nSarrac\code\unstable\v1\src\framework.test.unit\OperatingSystemDataTest.cs" line="34" />
                      <metadata>
                        <entry key="TestKind">
                          <value>Test</value>
                        </entry>
                        <entry key="Description">
                          <value>Checks that the data object cannot be created without a name.</value>
                        </entry>
                      </metadata>
                      <children />
                      <parameters />
                    </test>
                    <test id="2acc21d4bda61677" name="CreateWithEmptyName" fullName="MbUnit v3.0.6.787/NSarrac.Framework.Test.Unit/OperatingSystemDataTest/CreateWithEmptyName" isTestCase="true">
                      <codeReference assembly="NSarrac.Framework.Test.Unit, Version=1.0.0.0, Culture=neutral, PublicKeyToken=null" namespace="NSarrac.Framework.Test.Unit" type="NSarrac.Framework.Test.Unit.OperatingSystemDataTest" member="CreateWithEmptyName" />
                      <codeLocation path="d:\documents\petrik\software\nSarrac\code\unstable\v1\src\framework.test.unit\OperatingSystemDataTest.cs" line="44" />
                      <metadata>
                        <entry key="TestKind">
                          <value>Test</value>
                        </entry>
                        <entry key="Description">
                          <value>Checks that the data object cannot be created with an empty name.</value>
                        </entry>
                      </metadata>
                      <children />
                      <parameters />
                    </test>
                    <test id="7ba68cc978e847dd" name="EqualsWithNonEqualData" fullName="MbUnit v3.0.6.787/NSarrac.Framework.Test.Unit/OperatingSystemDataTest/EqualsWithNonEqualData" isTestCase="true">
                      <codeReference assembly="NSarrac.Framework.Test.Unit, Version=1.0.0.0, Culture=neutral, PublicKeyToken=null" namespace="NSarrac.Framework.Test.Unit" type="NSarrac.Framework.Test.Unit.OperatingSystemDataTest" member="EqualsWithNonEqualData" />
                      <codeLocation path="d:\documents\petrik\software\nSarrac\code\unstable\v1\src\framework.test.unit\OperatingSystemDataTest.cs" line="87" />
                      <metadata>
                        <entry key="TestKind">
                          <value>Test</value>
                        </entry>
                        <entry key="Description">
                          <value>Checks that an object is not equal to a different OperatingSytemData object.</value>
                        </entry>
                      </metadata>
                      <children />
                      <parameters />
                    </test>
                    <test id="e18c8dc8c003bb4c" name="EqualsWithNonEqualType" fullName="MbUnit v3.0.6.787/NSarrac.Framework.Test.Unit/OperatingSystemDataTest/EqualsWithNonEqualType" isTestCase="true">
                      <codeReference assembly="NSarrac.Framework.Test.Unit, Version=1.0.0.0, Culture=neutral, PublicKeyToken=null" namespace="NSarrac.Framework.Test.Unit" type="NSarrac.Framework.Test.Unit.OperatingSystemDataTest" member="EqualsWithNonEqualType" />
                      <codeLocation path="d:\documents\petrik\software\nSarrac\code\unstable\v1\src\framework.test.unit\OperatingSystemDataTest.cs" line="151" />
                      <metadata>
                        <entry key="TestKind">
                          <value>Test</value>
                        </entry>
                        <entry key="Description">
                          <value>Checks that an object is not equal to a object of a different type.</value>
                        </entry>
                      </metadata>
                      <children />
                      <parameters />
                    </test>
                    <test id="aed6956bd771b893" name="EqualsWithNonEqualObject" fullName="MbUnit v3.0.6.787/NSarrac.Framework.Test.Unit/OperatingSystemDataTest/EqualsWithNonEqualObject" isTestCase="true">
                      <codeReference assembly="NSarrac.Framework.Test.Unit, Version=1.0.0.0, Culture=neutral, PublicKeyToken=null" namespace="NSarrac.Framework.Test.Unit" type="NSarrac.Framework.Test.Unit.OperatingSystemDataTest" member="EqualsWithNonEqualObject" />
                      <codeLocation path="d:\documents\petrik\software\nSarrac\code\unstable\v1\src\framework.test.unit\OperatingSystemDataTest.cs" line="164" />
                      <metadata>
                        <entry key="TestKind">
                          <value>Test</value>
                        </entry>
                        <entry key="Description">
                          <value>Checks that an object is not equal to a different object.</value>
                        </entry>
                      </metadata>
                      <children />
                      <parameters />
                    </test>
                    <test id="f73d51c5434f3831" name="EqualsWithNullObject" fullName="MbUnit v3.0.6.787/NSarrac.Framework.Test.Unit/OperatingSystemDataTest/EqualsWithNullObject" isTestCase="true">
                      <codeReference assembly="NSarrac.Framework.Test.Unit, Version=1.0.0.0, Culture=neutral, PublicKeyToken=null" namespace="NSarrac.Framework.Test.Unit" type="NSarrac.Framework.Test.Unit.OperatingSystemDataTest" member="EqualsWithNullObject" />
                      <codeLocation path="d:\documents\petrik\software\nSarrac\code\unstable\v1\src\framework.test.unit\OperatingSystemDataTest.cs" line="138" />
                      <metadata>
                        <entry key="TestKind">
                          <value>Test</value>
                        </entry>
                        <entry key="Description">
                          <value>Checks that an object is not equal to a null object.</value>
                        </entry>
                      </metadata>
                      <children />
                      <parameters />
                    </test>
                    <test id="3584c3096b9b9c67" name="EqualsWithEqualData" fullName="MbUnit v3.0.6.787/NSarrac.Framework.Test.Unit/OperatingSystemDataTest/EqualsWithEqualData" isTestCase="true">
                      <codeReference assembly="NSarrac.Framework.Test.Unit, Version=1.0.0.0, Culture=neutral, PublicKeyToken=null" namespace="NSarrac.Framework.Test.Unit" type="NSarrac.Framework.Test.Unit.OperatingSystemDataTest" member="EqualsWithEqualData" />
                      <codeLocation path="d:\documents\petrik\software\nSarrac\code\unstable\v1\src\framework.test.unit\OperatingSystemDataTest.cs" line="106" />
                      <metadata>
                        <entry key="TestKind">
                          <value>Test</value>
                        </entry>
                        <entry key="Description">
                          <value>Checks that an object is equal to an equivalent OperatingSytemData object.</value>
                        </entry>
                      </metadata>
                      <children />
                      <parameters />
                    </test>
                    <test id="d39d7eac187d3f8e" name="EqualsWithSelfData" fullName="MbUnit v3.0.6.787/NSarrac.Framework.Test.Unit/OperatingSystemDataTest/EqualsWithSelfData" isTestCase="true">
                      <codeReference assembly="NSarrac.Framework.Test.Unit, Version=1.0.0.0, Culture=neutral, PublicKeyToken=null" namespace="NSarrac.Framework.Test.Unit" type="NSarrac.Framework.Test.Unit.OperatingSystemDataTest" member="EqualsWithSelfData" />
                      <codeLocation path="d:\documents\petrik\software\nSarrac\code\unstable\v1\src\framework.test.unit\OperatingSystemDataTest.cs" line="125" />
                      <metadata>
                        <entry key="TestKind">
                          <value>Test</value>
                        </entry>
                        <entry key="Description">
                          <value>Checks that an object is equal to itself.</value>
                        </entry>
                      </metadata>
                      <children />
                      <parameters />
                    </test>
                  </children>
                  <parameters />
                </test>
                <test id="fb19391cf8a2be8a" name="ReportBodyTest" fullName="MbUnit v3.0.6.787/NSarrac.Framework.Test.Unit/ReportBodyTest" isTestCase="false">
                  <codeReference assembly="NSarrac.Framework.Test.Unit, Version=1.0.0.0, Culture=neutral, PublicKeyToken=null" namespace="NSarrac.Framework" type="NSarrac.Framework.ReportBodyTest" />
                  <codeLocation path="d:\documents\petrik\software\nSarrac\code\unstable\v1\src\framework.test.unit\ReportBodyTest.cs" />
                  <metadata>
                    <entry key="TestKind">
                      <value>Fixture</value>
                    </entry>
                    <entry key="Description">
                      <value>Tests the ReportBody class.</value>
                    </entry>
                  </metadata>
                  <children>
                    <test id="5a38fc2f48593e27" name="ReplaceAssemblies" fullName="MbUnit v3.0.6.787/NSarrac.Framework.Test.Unit/ReportBodyTest/ReplaceAssemblies" isTestCase="true">
                      <codeReference assembly="NSarrac.Framework.Test.Unit, Version=1.0.0.0, Culture=neutral, PublicKeyToken=null" namespace="NSarrac.Framework" type="NSarrac.Framework.ReportBodyTest" member="ReplaceAssemblies" />
                      <codeLocation path="d:\documents\petrik\software\nSarrac\code\unstable\v1\src\framework.test.unit\ReportBodyTest.cs" line="44" />
                      <metadata>
                        <entry key="TestKind">
                          <value>Test</value>
                        </entry>
                        <entry key="Description">
                          <value>Checks that new assembly information overwrites existing assembly information.</value>
                        </entry>
                      </metadata>
                      <children />
                      <parameters />
                    </test>
                    <test id="267951f042c55fcb" name="AddAssemblies" fullName="MbUnit v3.0.6.787/NSarrac.Framework.Test.Unit/ReportBodyTest/AddAssemblies" isTestCase="true">
                      <codeReference assembly="NSarrac.Framework.Test.Unit, Version=1.0.0.0, Culture=neutral, PublicKeyToken=null" namespace="NSarrac.Framework" type="NSarrac.Framework.ReportBodyTest" member="AddAssemblies" />
                      <codeLocation path="d:\documents\petrik\software\nSarrac\code\unstable\v1\src\framework.test.unit\ReportBodyTest.cs" line="22" />
                      <metadata>
                        <entry key="TestKind">
                          <value>Test</value>
                        </entry>
                        <entry key="Description">
                          <value>Checks that assembly information is stored properly.</value>
                        </entry>
                      </metadata>
                      <children />
                      <parameters />
                    </test>
                    <test id="3c0a216679879f7a" name="ReplaceConfigurations" fullName="MbUnit v3.0.6.787/NSarrac.Framework.Test.Unit/ReportBodyTest/ReplaceConfigurations" isTestCase="true">
                      <codeReference assembly="NSarrac.Framework.Test.Unit, Version=1.0.0.0, Culture=neutral, PublicKeyToken=null" namespace="NSarrac.Framework" type="NSarrac.Framework.ReportBodyTest" member="ReplaceConfigurations" />
                      <codeLocation path="d:\documents\petrik\software\nSarrac\code\unstable\v1\src\framework.test.unit\ReportBodyTest.cs" line="83" />
                      <metadata>
                        <entry key="TestKind">
                          <value>Test</value>
                        </entry>
                        <entry key="Description">
                          <value>Checks that new configuration information overwrites existing configuration information.</value>
                        </entry>
                      </metadata>
                      <children />
                      <parameters />
                    </test>
                    <test id="4a80afba3c8942e5" name="AddConfigurations" fullName="MbUnit v3.0.6.787/NSarrac.Framework.Test.Unit/ReportBodyTest/AddConfigurations" isTestCase="true">
                      <codeReference assembly="NSarrac.Framework.Test.Unit, Version=1.0.0.0, Culture=neutral, PublicKeyToken=null" namespace="NSarrac.Framework" type="NSarrac.Framework.ReportBodyTest" member="AddConfigurations" />
                      <codeLocation path="d:\documents\petrik\software\nSarrac\code\unstable\v1\src\framework.test.unit\ReportBodyTest.cs" line="64" />
                      <metadata>
                        <entry key="TestKind">
                          <value>Test</value>
                        </entry>
                        <entry key="Description">
                          <value>Checks that configuration information is stored properly.</value>
                        </entry>
                      </metadata>
                      <children />
                      <parameters />
                    </test>
                  </children>
                  <parameters />
                </test>
                <test id="a169046a59785a96" name="ReportTest" fullName="MbUnit v3.0.6.787/NSarrac.Framework.Test.Unit/ReportTest" isTestCase="false">
                  <codeReference assembly="NSarrac.Framework.Test.Unit, Version=1.0.0.0, Culture=neutral, PublicKeyToken=null" namespace="NSarrac.Framework.Test.Unit" type="NSarrac.Framework.Test.Unit.ReportTest" />
                  <codeLocation path="d:\documents\petrik\software\nSarrac\code\unstable\v1\src\framework.test.unit\ReportTest.cs" />
                  <metadata>
                    <entry key="TestKind">
                      <value>Fixture</value>
                    </entry>
                    <entry key="Description">
                      <value>Tests the Report class.</value>
                    </entry>
                  </metadata>
                  <children>
                    <test id="84a9d9c67d32914a" name="Create" fullName="MbUnit v3.0.6.787/NSarrac.Framework.Test.Unit/ReportTest/Create" isTestCase="true">
                      <codeReference assembly="NSarrac.Framework.Test.Unit, Version=1.0.0.0, Culture=neutral, PublicKeyToken=null" namespace="NSarrac.Framework.Test.Unit" type="NSarrac.Framework.Test.Unit.ReportTest" member="Create" />
                      <codeLocation path="d:\documents\petrik\software\nSarrac\code\unstable\v1\src\framework.test.unit\ReportTest.cs" line="20" />
                      <metadata>
                        <entry key="TestKind">
                          <value>Test</value>
                        </entry>
                        <entry key="Description">
                          <value>Tests that a report stores the report body correctly.</value>
                        </entry>
                      </metadata>
                      <children />
                      <parameters />
                    </test>
                    <test id="7fa19f0cc29172a" name="CreateWithNullStream" fullName="MbUnit v3.0.6.787/NSarrac.Framework.Test.Unit/ReportTest/CreateWithNullStream" isTestCase="true">
                      <codeReference assembly="NSarrac.Framework.Test.Unit, Version=1.0.0.0, Culture=neutral, PublicKeyToken=null" namespace="NSarrac.Framework.Test.Unit" type="NSarrac.Framework.Test.Unit.ReportTest" member="CreateWithNullStream" />
                      <codeLocation path="d:\documents\petrik\software\nSarrac\code\unstable\v1\src\framework.test.unit\ReportTest.cs" line="30" />
                      <metadata>
                        <entry key="TestKind">
                          <value>Test</value>
                        </entry>
                        <entry key="Description">
                          <value>Tests that a report cannot be created without a body.</value>
                        </entry>
                      </metadata>
                      <children />
                      <parameters />
                    </test>
                  </children>
                  <parameters />
                </test>
              </children>
              <parameters />
            </test>
          </children>
          <parameters />
        </test>
      </children>
      <parameters />
    </test>
    <annotations />
  </testModel>
  <testPackageRun startTime="2009-09-05T20:54:38.4611624+12:00" endTime="2009-09-05T20:54:42.9694203+12:00">
    <testStepRun startTime="2009-09-05T20:54:40.4532764+12:00" endTime="2009-09-05T20:54:42.7744091+12:00">
      <testStep id="300f0a85d3cbc93" name="Root" fullName="" testId="c2722843734a7a54" isPrimary="true" isTestCase="false" isDynamic="false">
        <codeReference />
        <codeLocation />
        <metadata>
          <entry key="TestKind">
            <value>Root</value>
          </entry>
        </metadata>
      </testStep>
      <children>
        <testStepRun startTime="2009-09-05T20:54:40.5072795+12:00" endTime="2009-09-05T20:54:42.4213889+12:00">
          <testStep id="64fd29a467ae1fbe" name="MbUnit v3.0.6.787" fullName="MbUnit v3.0.6.787" testId="e9ba7b32f33cfad8" isPrimary="true" isTestCase="false" isDynamic="false">
            <codeReference />
            <codeLocation />
            <metadata>
              <entry key="TestKind">
                <value>Framework</value>
              </entry>
            </metadata>
          </testStep>
          <children>
            <testStepRun startTime="2009-09-05T20:54:40.5472817+12:00" endTime="2009-09-05T20:54:42.4013878+12:00">
              <testStep id="fa6199c472caaa6b" name="NSarrac.Framework.Test.Unit" fullName="MbUnit v3.0.6.787/NSarrac.Framework.Test.Unit" testId="e63718b972bc983d" isPrimary="true" isTestCase="false" isDynamic="false">
                <codeReference assembly="NSarrac.Framework.Test.Unit, Version=1.0.0.0, Culture=neutral, PublicKeyToken=null" />
                <codeLocation path="D:\documents\petrik\software\nSarrac\code\unstable\v1\bin\build\NSarrac.Framework.Test.Unit.DLL" />
                <metadata>
                  <entry key="TestKind">
                    <value>Assembly</value>
                  </entry>
                  <entry key="CodeBase">
                    <value>D:\documents\petrik\software\nSarrac\code\unstable\v1\bin\build\NSarrac.Framework.Test.Unit.DLL</value>
                  </entry>
                  <entry key="Company">
                    <value>Microsoft</value>
                  </entry>
                  <entry key="Copyright">
                    <value>Copyright Â© Microsoft 2009</value>
                  </entry>
                  <entry key="FileVersion">
                    <value>1.0.0.0</value>
                  </entry>
                  <entry key="Product">
                    <value>NSarrac.Framework</value>
                  </entry>
                  <entry key="Title">
                    <value>NSarrac.Framework</value>
                  </entry>
                  <entry key="Version">
                    <value>1.0.0.0</value>
                  </entry>
                </metadata>
              </testStep>
              <children>
                <testStepRun startTime="2009-09-05T20:54:40.5582824+12:00" endTime="2009-09-05T20:54:41.1533164+12:00">
                  <testStep id="5b5e69318aebba1a" name="MachineDataTest" fullName="MbUnit v3.0.6.787/NSarrac.Framework.Test.Unit/MachineDataTest" testId="f30bb0da75518d20" isPrimary="true" isTestCase="false" isDynamic="false">
                    <codeReference assembly="NSarrac.Framework.Test.Unit, Version=1.0.0.0, Culture=neutral, PublicKeyToken=null" namespace="NSarrac.Framework.Test.Unit" type="NSarrac.Framework.Test.Unit.MachineDataTest" />
                    <codeLocation path="d:\documents\petrik\software\nSarrac\code\unstable\v1\src\framework.test.unit\MachineDataTest.cs" />
                    <metadata>
                      <entry key="TestKind">
                        <value>Fixture</value>
                      </entry>
                      <entry key="Description">
                        <value>Tests the MachineData class.</value>
                      </entry>
                    </metadata>
                  </testStep>
                  <children>
                    <testStepRun startTime="2009-09-05T20:54:40.5772835+12:00" endTime="2009-09-05T20:54:40.6272863+12:00">
                      <testStep id="ab75a8dc0cc253e5" name="Create" fullName="MbUnit v3.0.6.787/NSarrac.Framework.Test.Unit/MachineDataTest/Create" testId="1f42f36b368ae5da" isPrimary="true" isTestCase="true" isDynamic="false">
                        <codeReference assembly="NSarrac.Framework.Test.Unit, Version=1.0.0.0, Culture=neutral, PublicKeyToken=null" namespace="NSarrac.Framework.Test.Unit" type="NSarrac.Framework.Test.Unit.MachineDataTest" member="Create" />
                        <codeLocation path="d:\documents\petrik\software\nSarrac\code\unstable\v1\src\framework.test.unit\MachineDataTest.cs" line="22" />
                        <metadata>
                          <entry key="TestKind">
                            <value>Test</value>
                          </entry>
                          <entry key="Description">
                            <value>Checks that machine data is stored poperly.</value>
                          </entry>
                        </metadata>
                      </testStep>
                      <children />
                      <result assertCount="2" duration="0.045913999999999996">
                        <outcome status="passed" />
                      </result>
                      <testLog>
                        <streams />
                        <attachments />
                      </testLog>
                    </testStepRun>
                    <testStepRun startTime="2009-09-05T20:54:40.6642884+12:00" endTime="2009-09-05T20:54:40.6782892+12:00">
                      <testStep id="8097eb2a8143fc0c" name="CreateWithEmptyName" fullName="MbUnit v3.0.6.787/NSarrac.Framework.Test.Unit/MachineDataTest/CreateWithEmptyName" testId="7d5599a476d1b9ed" isPrimary="true" isTestCase="true" isDynamic="false">
                        <codeReference assembly="NSarrac.Framework.Test.Unit, Version=1.0.0.0, Culture=neutral, PublicKeyToken=null" namespace="NSarrac.Framework.Test.Unit" type="NSarrac.Framework.Test.Unit.MachineDataTest" member="CreateWithEmptyName" />
                        <codeLocation path="d:\documents\petrik\software\nSarrac\code\unstable\v1\src\framework.test.unit\MachineDataTest.cs" line="41" />
                        <metadata>
                          <entry key="TestKind">
                            <value>Test</value>
                          </entry>
                          <entry key="Description">
                            <value>Checks that the data object cannot be created with an empty name.</value>
                          </entry>
                        </metadata>
                      </testStep>
                      <children />
                      <result assertCount="1" duration="0.0148045">
                        <outcome status="passed" />
                      </result>
                      <testLog>
                        <streams />
                        <attachments />
                      </testLog>
                    </testStepRun>
                    <testStepRun startTime="2009-09-05T20:54:40.6892899+12:00" endTime="2009-09-05T20:54:40.7022906+12:00">
                      <testStep id="a5cc652312bcdd12" name="CreateWithNegativeMemory" fullName="MbUnit v3.0.6.787/NSarrac.Framework.Test.Unit/MachineDataTest/CreateWithNegativeMemory" testId="5b8f3337ea926fa8" isPrimary="true" isTestCase="true" isDynamic="false">
                        <codeReference assembly="NSarrac.Framework.Test.Unit, Version=1.0.0.0, Culture=neutral, PublicKeyToken=null" namespace="NSarrac.Framework.Test.Unit" type="NSarrac.Framework.Test.Unit.MachineDataTest" member="CreateWithNegativeMemory" />
                        <codeLocation path="d:\documents\petrik\software\nSarrac\code\unstable\v1\src\framework.test.unit\MachineDataTest.cs" line="48" />
                        <metadata>
                          <entry key="TestKind">
                            <value>Test</value>
                          </entry>
                          <entry key="Description">
                            <value>Checks that the data object cannot be created with a negative amount of RAM.</value>
                          </entry>
                        </metadata>
                      </testStep>
                      <children />
                      <result assertCount="1" duration="0.013842499999999999">
                        <outcome status="passed" />
                      </result>
                      <testLog>
                        <streams />
                        <attachments />
                      </testLog>
                    </testStepRun>
                    <testStepRun startTime="2009-09-05T20:54:40.7152913+12:00" endTime="2009-09-05T20:54:40.7342924+12:00">
                      <testStep id="3fd41e51e906185c" name="CreateWithoutName" fullName="MbUnit v3.0.6.787/NSarrac.Framework.Test.Unit/MachineDataTest/CreateWithoutName" testId="a42f3e85917365e5" isPrimary="true" isTestCase="true" isDynamic="false">
                        <codeReference assembly="NSarrac.Framework.Test.Unit, Version=1.0.0.0, Culture=neutral, PublicKeyToken=null" namespace="NSarrac.Framework.Test.Unit" type="NSarrac.Framework.Test.Unit.MachineDataTest" member="CreateWithoutName" />
                        <codeLocation path="d:\documents\petrik\software\nSarrac\code\unstable\v1\src\framework.test.unit\MachineDataTest.cs" line="34" />
                        <metadata>
                          <entry key="TestKind">
                            <value>Test</value>
                          </entry>
                          <entry key="Description">
                            <value>Checks that the data object cannot be created without a name.</value>
                          </entry>
                        </metadata>
                      </testStep>
                      <children />
                      <result assertCount="1" duration="0.020558999999999997">
                        <outcome status="passed" />
                      </result>
                      <testLog>
                        <streams />
                        <attachments />
                      </testLog>
                    </testStepRun>
                    <testStepRun startTime="2009-09-05T20:54:40.7492933+12:00" endTime="2009-09-05T20:54:40.7762948+12:00">
                      <testStep id="a1069011c5cc9403" name="EqualsWithEqualData" fullName="MbUnit v3.0.6.787/NSarrac.Framework.Test.Unit/MachineDataTest/EqualsWithEqualData" testId="6d7d6a687f37c445" isPrimary="true" isTestCase="true" isDynamic="false">
                        <codeReference assembly="NSarrac.Framework.Test.Unit, Version=1.0.0.0, Culture=neutral, PublicKeyToken=null" namespace="NSarrac.Framework.Test.Unit" type="NSarrac.Framework.Test.Unit.MachineDataTest" member="EqualsWithEqualData" />
                        <codeLocation path="d:\documents\petrik\software\nSarrac\code\unstable\v1\src\framework.test.unit\MachineDataTest.cs" line="73" />
                        <metadata>
                          <entry key="TestKind">
                            <value>Test</value>
                          </entry>
                          <entry key="Description">
                            <value>Checks that an object is equal to an equivalent MachineData object.</value>
                          </entry>
                        </metadata>
                      </testStep>
                      <children />
                      <result assertCount="1" duration="0.028327599999999998">
                        <outcome status="passed" />
                      </result>
                      <testLog>
                        <streams />
                        <attachments />
                      </testLog>
                    </testStepRun>
                    <testStepRun startTime="2009-09-05T20:54:40.7942959+12:00" endTime="2009-09-05T20:54:40.814297+12:00">
                      <testStep id="ffa82a6b48fb96af" name="EqualsWithEqualObject" fullName="MbUnit v3.0.6.787/NSarrac.Framework.Test.Unit/MachineDataTest/EqualsWithEqualObject" testId="1070bfe988cb6ea8" isPrimary="true" isTestCase="true" isDynamic="false">
                        <codeReference assembly="NSarrac.Framework.Test.Unit, Version=1.0.0.0, Culture=neutral, PublicKeyToken=null" namespace="NSarrac.Framework.Test.Unit" type="NSarrac.Framework.Test.Unit.MachineDataTest" member="EqualsWithEqualObject" />
                        <codeLocation path="d:\documents\petrik\software\nSarrac\code\unstable\v1\src\framework.test.unit\MachineDataTest.cs" line="120" />
                        <metadata>
                          <entry key="TestKind">
                            <value>Test</value>
                          </entry>
                          <entry key="Description">
                            <value>Checks that an object is equal to an equivalent object.</value>
                          </entry>
                        </metadata>
                      </testStep>
                      <children />
                      <result assertCount="1" duration="0.021726">
                        <outcome status="passed" />
                      </result>
                      <testLog>
                        <streams />
                        <attachments />
                      </testLog>
                    </testStepRun>
                    <testStepRun startTime="2009-09-05T20:54:40.8372983+12:00" endTime="2009-09-05T20:54:40.8632998+12:00">
                      <testStep id="3ad7fbdccc558f5b" name="EqualsWithNonEqualData" fullName="MbUnit v3.0.6.787/NSarrac.Framework.Test.Unit/MachineDataTest/EqualsWithNonEqualData" testId="19acc0ebe743cda4" isPrimary="true" isTestCase="true" isDynamic="false">
                        <codeReference assembly="NSarrac.Framework.Test.Unit, Version=1.0.0.0, Culture=neutral, PublicKeyToken=null" namespace="NSarrac.Framework.Test.Unit" type="NSarrac.Framework.Test.Unit.MachineDataTest" member="EqualsWithNonEqualData" />
                        <codeLocation path="d:\documents\petrik\software\nSarrac\code\unstable\v1\src\framework.test.unit\MachineDataTest.cs" line="63" />
                        <metadata>
                          <entry key="TestKind">
                            <value>Test</value>
                          </entry>
                          <entry key="Description">
                            <value>Checks that an object is not equal to a different MachineData object.</value>
                          </entry>
                        </metadata>
                      </testStep>
                      <children />
                      <result assertCount="1" duration="0.0273388">
                        <outcome status="passed" />
                      </result>
                      <testLog>
                        <streams />
                        <attachments />
                      </testLog>
                    </testStepRun>
                    <testStepRun startTime="2009-09-05T20:54:40.8853011+12:00" endTime="2009-09-05T20:54:40.9123026+12:00">
                      <testStep id="9ecc86dcb6371b7e" name="EqualsWithNonEqualObject" fullName="MbUnit v3.0.6.787/NSarrac.Framework.Test.Unit/MachineDataTest/EqualsWithNonEqualObject" testId="3ef522402ad07f68" isPrimary="true" isTestCase="true" isDynamic="false">
                        <codeReference assembly="NSarrac.Framework.Test.Unit, Version=1.0.0.0, Culture=neutral, PublicKeyToken=null" namespace="NSarrac.Framework.Test.Unit" type="NSarrac.Framework.Test.Unit.MachineDataTest" member="EqualsWithNonEqualObject" />
                        <codeLocation path="d:\documents\petrik\software\nSarrac\code\unstable\v1\src\framework.test.unit\MachineDataTest.cs" line="110" />
                        <metadata>
                          <entry key="TestKind">
                            <value>Test</value>
                          </entry>
                          <entry key="Description">
                            <value>Checks that an object is not equal to a different object.</value>
                          </entry>
                        </metadata>
                      </testStep>
                      <children />
                      <result assertCount="1" duration="0.0286031">
                        <outcome status="passed" />
                      </result>
                      <testLog>
                        <streams />
                        <attachments />
                      </testLog>
                    </testStepRun>
                    <testStepRun startTime="2009-09-05T20:54:40.9313037+12:00" endTime="2009-09-05T20:54:40.9563051+12:00">
                      <testStep id="fea4d046dc05fac1" name="EqualsWithNonEqualType" fullName="MbUnit v3.0.6.787/NSarrac.Framework.Test.Unit/MachineDataTest/EqualsWithNonEqualType" testId="b0f6d1e1305f2f72" isPrimary="true" isTestCase="true" isDynamic="false">
                        <codeReference assembly="NSarrac.Framework.Test.Unit, Version=1.0.0.0, Culture=neutral, PublicKeyToken=null" namespace="NSarrac.Framework.Test.Unit" type="NSarrac.Framework.Test.Unit.MachineDataTest" member="EqualsWithNonEqualType" />
                        <codeLocation path="d:\documents\petrik\software\nSarrac\code\unstable\v1\src\framework.test.unit\MachineDataTest.cs" line="101" />
                        <metadata>
                          <entry key="TestKind">
                            <value>Test</value>
                          </entry>
                          <entry key="Description">
                            <value>Checks that an object is not equal to a object of a different type.</value>
                          </entry>
                        </metadata>
                      </testStep>
                      <children />
                      <result assertCount="1" duration="0.0259273">
                        <outcome status="passed" />
                      </result>
                      <testLog>
                        <streams />
                        <attachments />
                      </testLog>
                    </testStepRun>
                    <testStepRun startTime="2009-09-05T20:54:40.9833067+12:00" endTime="2009-09-05T20:54:41.0033078+12:00">
                      <testStep id="4e5a2ade084a4197" name="EqualsWithNullData" fullName="MbUnit v3.0.6.787/NSarrac.Framework.Test.Unit/MachineDataTest/EqualsWithNullData" testId="38bafe1661a21591" isPrimary="true" isTestCase="true" isDynamic="false">
                        <codeReference assembly="NSarrac.Framework.Test.Unit, Version=1.0.0.0, Culture=neutral, PublicKeyToken=null" namespace="NSarrac.Framework.Test.Unit" type="NSarrac.Framework.Test.Unit.MachineDataTest" member="EqualsWithNullData" />
                        <codeLocation path="d:\documents\petrik\software\nSarrac\code\unstable\v1\src\framework.test.unit\MachineDataTest.cs" line="55" />
                        <metadata>
                          <entry key="TestKind">
                            <value>Test</value>
                          </entry>
                          <entry key="Description">
                            <value>Checks that an object is not equal to a null MachineData object.</value>
                          </entry>
                        </metadata>
                      </testStep>
                      <children />
                      <result assertCount="1" duration="0.0214506">
                        <outcome status="passed" />
                      </result>
                      <testLog>
                        <streams />
                        <attachments />
                      </testLog>
                    </testStepRun>
                    <testStepRun startTime="2009-09-05T20:54:41.0253091+12:00" endTime="2009-09-05T20:54:41.0453102+12:00">
                      <testStep id="daf0f453d8078ebd" name="EqualsWithNullObject" fullName="MbUnit v3.0.6.787/NSarrac.Framework.Test.Unit/MachineDataTest/EqualsWithNullObject" testId="3bba96b9a1f849d1" isPrimary="true" isTestCase="true" isDynamic="false">
                        <codeReference assembly="NSarrac.Framework.Test.Unit, Version=1.0.0.0, Culture=neutral, PublicKeyToken=null" namespace="NSarrac.Framework.Test.Unit" type="NSarrac.Framework.Test.Unit.MachineDataTest" member="EqualsWithNullObject" />
                        <codeLocation path="d:\documents\petrik\software\nSarrac\code\unstable\v1\src\framework.test.unit\MachineDataTest.cs" line="92" />
                        <metadata>
                          <entry key="TestKind">
                            <value>Test</value>
                          </entry>
                          <entry key="Description">
                            <value>Checks that an object is not equal to a null object.</value>
                          </entry>
                        </metadata>
                      </testStep>
                      <children />
                      <result assertCount="1" duration="0.0214582">
                        <outcome status="passed" />
                      </result>
                      <testLog>
                        <streams />
                        <attachments />
                      </testLog>
                    </testStepRun>
                    <testStepRun startTime="2009-09-05T20:54:41.0663114+12:00" endTime="2009-09-05T20:54:41.0873126+12:00">
                      <testStep id="a75ce7ffe37aca28" name="EqualsWithSelfData" fullName="MbUnit v3.0.6.787/NSarrac.Framework.Test.Unit/MachineDataTest/EqualsWithSelfData" testId="bf52306f98181452" isPrimary="true" isTestCase="true" isDynamic="false">
                        <codeReference assembly="NSarrac.Framework.Test.Unit, Version=1.0.0.0, Culture=neutral, PublicKeyToken=null" namespace="NSarrac.Framework.Test.Unit" type="NSarrac.Framework.Test.Unit.MachineDataTest" member="EqualsWithSelfData" />
                        <codeLocation path="d:\documents\petrik\software\nSarrac\code\unstable\v1\src\framework.test.unit\MachineDataTest.cs" line="83" />
                        <metadata>
                          <entry key="TestKind">
                            <value>Test</value>
                          </entry>
                          <entry key="Description">
                            <value>Checks that an object is equal to itself.</value>
                          </entry>
                        </metadata>
                      </testStep>
                      <children />
                      <result assertCount="1" duration="0.0218957">
                        <outcome status="passed" />
                      </result>
                      <testLog>
                        <streams />
                        <attachments />
                      </testLog>
                    </testStepRun>
                    <testStepRun startTime="2009-09-05T20:54:41.1073138+12:00" endTime="2009-09-05T20:54:41.1273149+12:00">
                      <testStep id="995c435a88a5e7ef" name="EqualsWithSelfObject" fullName="MbUnit v3.0.6.787/NSarrac.Framework.Test.Unit/MachineDataTest/EqualsWithSelfObject" testId="41e3806c9bfeb204" isPrimary="true" isTestCase="true" isDynamic="false">
                        <codeReference assembly="NSarrac.Framework.Test.Unit, Version=1.0.0.0, Culture=neutral, PublicKeyToken=null" namespace="NSarrac.Framework.Test.Unit" type="NSarrac.Framework.Test.Unit.MachineDataTest" member="EqualsWithSelfObject" />
                        <codeLocation path="d:\documents\petrik\software\nSarrac\code\unstable\v1\src\framework.test.unit\MachineDataTest.cs" line="130" />
                        <metadata>
                          <entry key="TestKind">
                            <value>Test</value>
                          </entry>
                          <entry key="Description">
                            <value>Checks that an object is equal to itself.</value>
                          </entry>
                        </metadata>
                      </testStep>
                      <children />
                      <result assertCount="1" duration="0.0223026">
                        <outcome status="passed" />
                      </result>
                      <testLog>
                        <streams />
                        <attachments />
                      </testLog>
                    </testStepRun>
                  </children>
                  <result assertCount="14" duration="0.59587119999999993">
                    <outcome status="passed" />
                  </result>
                  <testLog>
                    <streams />
                    <attachments />
                  </testLog>
                </testStepRun>
                <testStepRun startTime="2009-09-05T20:54:41.1703174+12:00" endTime="2009-09-05T20:54:42.1163715+12:00">
                  <testStep id="b106664461105094" name="OperatingSystemDataTest" fullName="MbUnit v3.0.6.787/NSarrac.Framework.Test.Unit/OperatingSystemDataTest" testId="3a03ccfeb8f69d96" isPrimary="true" isTestCase="false" isDynamic="false">
                    <codeReference assembly="NSarrac.Framework.Test.Unit, Version=1.0.0.0, Culture=neutral, PublicKeyToken=null" namespace="NSarrac.Framework.Test.Unit" type="NSarrac.Framework.Test.Unit.OperatingSystemDataTest" />
                    <codeLocation path="d:\documents\petrik\software\nSarrac\code\unstable\v1\src\framework.test.unit\OperatingSystemDataTest.cs" />
                    <metadata>
                      <entry key="TestKind">
                        <value>Fixture</value>
                      </entry>
                      <entry key="Description">
                        <value>Tests the OperatingSystemData class.</value>
                      </entry>
                    </metadata>
                  </testStep>
                  <children>
                    <testStepRun startTime="2009-09-05T20:54:41.1853182+12:00" endTime="2009-09-05T20:54:41.2143199+12:00">
                      <testStep id="7f0ff576d695ee78" name="Create" fullName="MbUnit v3.0.6.787/NSarrac.Framework.Test.Unit/OperatingSystemDataTest/Create" testId="53f7728cb9bdbecd" isPrimary="true" isTestCase="true" isDynamic="false">
                        <codeReference assembly="NSarrac.Framework.Test.Unit, Version=1.0.0.0, Culture=neutral, PublicKeyToken=null" namespace="NSarrac.Framework.Test.Unit" type="NSarrac.Framework.Test.Unit.OperatingSystemDataTest" member="Create" />
                        <codeLocation path="d:\documents\petrik\software\nSarrac\code\unstable\v1\src\framework.test.unit\OperatingSystemDataTest.cs" line="20" />
                        <metadata>
                          <entry key="TestKind">
                            <value>Test</value>
                          </entry>
                          <entry key="Description">
                            <value>Checks that operating system data is stored properly.</value>
                          </entry>
                        </metadata>
                      </testStep>
                      <children />
                      <result assertCount="3" duration="0.030608299999999998">
                        <outcome status="passed" />
                      </result>
                      <testLog>
                        <streams />
                        <attachments />
                      </testLog>
                    </testStepRun>
                    <testStepRun startTime="2009-09-05T20:54:41.3023249+12:00" endTime="2009-09-05T20:54:41.3333267+12:00">
                      <testStep id="a00263de58e235be" name="CreateWithEmptyName" fullName="MbUnit v3.0.6.787/NSarrac.Framework.Test.Unit/OperatingSystemDataTest/CreateWithEmptyName" testId="2acc21d4bda61677" isPrimary="true" isTestCase="true" isDynamic="false">
                        <codeReference assembly="NSarrac.Framework.Test.Unit, Version=1.0.0.0, Culture=neutral, PublicKeyToken=null" namespace="NSarrac.Framework.Test.Unit" type="NSarrac.Framework.Test.Unit.OperatingSystemDataTest" member="CreateWithEmptyName" />
                        <codeLocation path="d:\documents\petrik\software\nSarrac\code\unstable\v1\src\framework.test.unit\OperatingSystemDataTest.cs" line="44" />
                        <metadata>
                          <entry key="TestKind">
                            <value>Test</value>
                          </entry>
                          <entry key="Description">
                            <value>Checks that the data object cannot be created with an empty name.</value>
                          </entry>
                        </metadata>
                      </testStep>
                      <children />
                      <result assertCount="1" duration="0.0320531">
                        <outcome status="passed" />
                      </result>
                      <testLog>
                        <streams />
                        <attachments />
                      </testLog>
                    </testStepRun>
                    <testStepRun startTime="2009-09-05T20:54:41.4583338+12:00" endTime="2009-09-05T20:54:41.4873355+12:00">
                      <testStep id="fff2e8540c731f24" name="CreateWithNullCulture" fullName="MbUnit v3.0.6.787/NSarrac.Framework.Test.Unit/OperatingSystemDataTest/CreateWithNullCulture" testId="b325f1eb4328e41e" isPrimary="true" isTestCase="true" isDynamic="false">
                        <codeReference assembly="NSarrac.Framework.Test.Unit, Version=1.0.0.0, Culture=neutral, PublicKeyToken=null" namespace="NSarrac.Framework.Test.Unit" type="NSarrac.Framework.Test.Unit.OperatingSystemDataTest" member="CreateWithNullCulture" />
                        <codeLocation path="d:\documents\petrik\software\nSarrac\code\unstable\v1\src\framework.test.unit\OperatingSystemDataTest.cs" line="64" />
                        <metadata>
                          <entry key="TestKind">
                            <value>Test</value>
                          </entry>
                          <entry key="Description">
                            <value>Checks that the data object cannot be created without a culture.</value>
                          </entry>
                        </metadata>
                      </testStep>
                      <children />
                      <result assertCount="1" duration="0.030895699999999998">
                        <outcome status="passed" />
                      </result>
                      <testLog>
                        <streams />
                        <attachments />
                      </testLog>
                    </testStepRun>
                    <testStepRun startTime="2009-09-05T20:54:41.5103368+12:00" endTime="2009-09-05T20:54:41.5333381+12:00">
                      <testStep id="7490865eb5e93754" name="CreateWithNullName" fullName="MbUnit v3.0.6.787/NSarrac.Framework.Test.Unit/OperatingSystemDataTest/CreateWithNullName" testId="f3d19fd0bda9b6d5" isPrimary="true" isTestCase="true" isDynamic="false">
                        <codeReference assembly="NSarrac.Framework.Test.Unit, Version=1.0.0.0, Culture=neutral, PublicKeyToken=null" namespace="NSarrac.Framework.Test.Unit" type="NSarrac.Framework.Test.Unit.OperatingSystemDataTest" member="CreateWithNullName" />
                        <codeLocation path="d:\documents\petrik\software\nSarrac\code\unstable\v1\src\framework.test.unit\OperatingSystemDataTest.cs" line="34" />
                        <metadata>
                          <entry key="TestKind">
                            <value>Test</value>
                          </entry>
                          <entry key="Description">
                            <value>Checks that the data object cannot be created without a name.</value>
                          </entry>
                        </metadata>
                      </testStep>
                      <children />
                      <result assertCount="1" duration="0.0245688">
                        <outcome status="passed" />
                      </result>
                      <testLog>
                        <streams />
                        <attachments />
                      </testLog>
                    </testStepRun>
                    <testStepRun startTime="2009-09-05T20:54:41.5593396+12:00" endTime="2009-09-05T20:54:41.5803408+12:00">
                      <testStep id="95442ed0a11c2279" name="CreateWithNullPlatform" fullName="MbUnit v3.0.6.787/NSarrac.Framework.Test.Unit/OperatingSystemDataTest/CreateWithNullPlatform" testId="fe5fd2d51e108aa" isPrimary="true" isTestCase="true" isDynamic="false">
                        <codeReference assembly="NSarrac.Framework.Test.Unit, Version=1.0.0.0, Culture=neutral, PublicKeyToken=null" namespace="NSarrac.Framework.Test.Unit" type="NSarrac.Framework.Test.Unit.OperatingSystemDataTest" member="CreateWithNullPlatform" />
                        <codeLocation path="d:\documents\petrik\software\nSarrac\code\unstable\v1\src\framework.test.unit\OperatingSystemDataTest.cs" line="54" />
                        <metadata>
                          <entry key="TestKind">
                            <value>Test</value>
                          </entry>
                          <entry key="Description">
                            <value>Checks that the data object cannot be created without a platform.</value>
                          </entry>
                        </metadata>
                      </testStep>
                      <children />
                      <result assertCount="1" duration="0.0227919">
                        <outcome status="passed" />
                      </result>
                      <testLog>
                        <streams />
                        <attachments />
                      </testLog>
                    </testStepRun>
                    <testStepRun startTime="2009-09-05T20:54:41.600342+12:00" endTime="2009-09-05T20:54:41.7953531+12:00">
                      <testStep id="63a32fd375c0d908" name="EqualsWithEqualData" fullName="MbUnit v3.0.6.787/NSarrac.Framework.Test.Unit/OperatingSystemDataTest/EqualsWithEqualData" testId="3584c3096b9b9c67" isPrimary="true" isTestCase="true" isDynamic="false">
                        <codeReference assembly="NSarrac.Framework.Test.Unit, Version=1.0.0.0, Culture=neutral, PublicKeyToken=null" namespace="NSarrac.Framework.Test.Unit" type="NSarrac.Framework.Test.Unit.OperatingSystemDataTest" member="EqualsWithEqualData" />
                        <codeLocation path="d:\documents\petrik\software\nSarrac\code\unstable\v1\src\framework.test.unit\OperatingSystemDataTest.cs" line="106" />
                        <metadata>
                          <entry key="TestKind">
                            <value>Test</value>
                          </entry>
                          <entry key="Description">
                            <value>Checks that an object is equal to an equivalent OperatingSytemData object.</value>
                          </entry>
                        </metadata>
                      </testStep>
                      <children />
                      <result assertCount="1" duration="0.1966568">
                        <outcome status="failed" />
                      </result>
                      <testLog>
                        <streams>
                          <stream name="Failures">
                            <body>
                              <contents>
                                <marker class="AssertionFailure">
                                  <contents>
                                    <section name="Expected value to be true.">
                                      <contents>
                                        <text><![CDATA[
]]></text>
                                        <marker class="Monospace">
                                          <contents>
                                            <marker class="Label">
                                              <contents>
                                                <text><![CDATA[Actual Value : ]]></text>
                                              </contents>
                                              <attributes />
                                            </marker>
                                            <text><![CDATA[false
]]></text>
                                          </contents>
                                          <attributes />
                                        </marker>
                                        <text><![CDATA[
]]></text>
                                        <marker class="StackTrace">
                                          <contents>
                                            <text><![CDATA[   at NSarrac.Framework.Test.Unit.OperatingSystemDataTest.EqualsWithEqualData() in ]]></text>
                                            <marker class="CodeLocation">
                                              <contents>
                                                <text><![CDATA[d:\documents\petrik\software\nSarrac\code\unstable\v1\src\framework.test.unit\OperatingSystemDataTest.cs:line 119]]></text>
                                              </contents>
                                              <attributes>
                                                <attribute name="line" value="119" />
                                                <attribute name="path" value="d:\documents\petrik\software\nSarrac\code\unstable\v1\src\framework.test.unit\OperatingSystemDataTest.cs" />
                                              </attributes>
                                            </marker>
                                          </contents>
                                          <attributes />
                                        </marker>
                                        <text><![CDATA[
]]></text>
                                      </contents>
                                    </section>
                                  </contents>
                                  <attributes />
                                </marker>
                              </contents>
                            </body>
                          </stream>
                        </streams>
                        <attachments />
                      </testLog>
                    </testStepRun>
                    <testStepRun startTime="2009-09-05T20:54:41.8063538+12:00" endTime="2009-09-05T20:54:41.846356+12:00">
                      <testStep id="ac7d22d9d549c575" name="EqualsWithEqualObject" fullName="MbUnit v3.0.6.787/NSarrac.Framework.Test.Unit/OperatingSystemDataTest/EqualsWithEqualObject" testId="c46b6a57cfa8d928" isPrimary="true" isTestCase="true" isDynamic="false">
                        <codeReference assembly="NSarrac.Framework.Test.Unit, Version=1.0.0.0, Culture=neutral, PublicKeyToken=null" namespace="NSarrac.Framework.Test.Unit" type="NSarrac.Framework.Test.Unit.OperatingSystemDataTest" member="EqualsWithEqualObject" />
                        <codeLocation path="d:\documents\petrik\software\nSarrac\code\unstable\v1\src\framework.test.unit\OperatingSystemDataTest.cs" line="183" />
                        <metadata>
                          <entry key="TestKind">
                            <value>Test</value>
                          </entry>
                          <entry key="Description">
                            <value>Checks that an object is equal to an equivalent object.</value>
                          </entry>
                        </metadata>
                      </testStep>
                      <children />
                      <result assertCount="1" duration="0.040854499999999995">
                        <outcome status="failed" />
                      </result>
                      <testLog>
                        <streams>
                          <stream name="Failures">
                            <body>
                              <contents>
                                <marker class="AssertionFailure">
                                  <contents>
                                    <section name="Expected value to be true.">
                                      <contents>
                                        <text><![CDATA[
]]></text>
                                        <marker class="Monospace">
                                          <contents>
                                            <marker class="Label">
                                              <contents>
                                                <text><![CDATA[Actual Value : ]]></text>
                                              </contents>
                                              <attributes />
                                            </marker>
                                            <text><![CDATA[false
]]></text>
                                          </contents>
                                          <attributes />
                                        </marker>
                                        <text><![CDATA[
]]></text>
                                        <marker class="StackTrace">
                                          <contents>
                                            <text><![CDATA[   at NSarrac.Framework.Test.Unit.OperatingSystemDataTest.EqualsWithEqualObject() in ]]></text>
                                            <marker class="CodeLocation">
                                              <contents>
                                                <text><![CDATA[d:\documents\petrik\software\nSarrac\code\unstable\v1\src\framework.test.unit\OperatingSystemDataTest.cs:line 196]]></text>
                                              </contents>
                                              <attributes>
                                                <attribute name="line" value="196" />
                                                <attribute name="path" value="d:\documents\petrik\software\nSarrac\code\unstable\v1\src\framework.test.unit\OperatingSystemDataTest.cs" />
                                              </attributes>
                                            </marker>
                                          </contents>
                                          <attributes />
                                        </marker>
                                        <text><![CDATA[
]]></text>
                                      </contents>
                                    </section>
                                  </contents>
                                  <attributes />
                                </marker>
                              </contents>
                            </body>
                          </stream>
                        </streams>
                        <attachments />
                      </testLog>
                    </testStepRun>
                    <testStepRun startTime="2009-09-05T20:54:41.8583567+12:00" endTime="2009-09-05T20:54:41.8773578+12:00">
                      <testStep id="a60c3f275c4a4876" name="EqualsWithNonEqualData" fullName="MbUnit v3.0.6.787/NSarrac.Framework.Test.Unit/OperatingSystemDataTest/EqualsWithNonEqualData" testId="7ba68cc978e847dd" isPrimary="true" isTestCase="true" isDynamic="false">
                        <codeReference assembly="NSarrac.Framework.Test.Unit, Version=1.0.0.0, Culture=neutral, PublicKeyToken=null" namespace="NSarrac.Framework.Test.Unit" type="NSarrac.Framework.Test.Unit.OperatingSystemDataTest" member="EqualsWithNonEqualData" />
                        <codeLocation path="d:\documents\petrik\software\nSarrac\code\unstable\v1\src\framework.test.unit\OperatingSystemDataTest.cs" line="87" />
                        <metadata>
                          <entry key="TestKind">
                            <value>Test</value>
                          </entry>
                          <entry key="Description">
                            <value>Checks that an object is not equal to a different OperatingSytemData object.</value>
                          </entry>
                        </metadata>
                      </testStep>
                      <children />
                      <result assertCount="1" duration="0.0197844">
                        <outcome status="passed" />
                      </result>
                      <testLog>
                        <streams />
                        <attachments />
                      </testLog>
                    </testStepRun>
                    <testStepRun startTime="2009-09-05T20:54:41.8943588+12:00" endTime="2009-09-05T20:54:41.9133599+12:00">
                      <testStep id="f8b6ce18f2bf5346" name="EqualsWithNonEqualObject" fullName="MbUnit v3.0.6.787/NSarrac.Framework.Test.Unit/OperatingSystemDataTest/EqualsWithNonEqualObject" testId="aed6956bd771b893" isPrimary="true" isTestCase="true" isDynamic="false">
                        <codeReference assembly="NSarrac.Framework.Test.Unit, Version=1.0.0.0, Culture=neutral, PublicKeyToken=null" namespace="NSarrac.Framework.Test.Unit" type="NSarrac.Framework.Test.Unit.OperatingSystemDataTest" member="EqualsWithNonEqualObject" />
                        <codeLocation path="d:\documents\petrik\software\nSarrac\code\unstable\v1\src\framework.test.unit\OperatingSystemDataTest.cs" line="164" />
                        <metadata>
                          <entry key="TestKind">
                            <value>Test</value>
                          </entry>
                          <entry key="Description">
                            <value>Checks that an object is not equal to a different object.</value>
                          </entry>
                        </metadata>
                      </testStep>
                      <children />
                      <result assertCount="1" duration="0.019660999999999998">
                        <outcome status="passed" />
                      </result>
                      <testLog>
                        <streams />
                        <attachments />
                      </testLog>
                    </testStepRun>
                    <testStepRun startTime="2009-09-05T20:54:41.9293608+12:00" endTime="2009-09-05T20:54:41.950362+12:00">
                      <testStep id="466b24d76a5866a5" name="EqualsWithNonEqualType" fullName="MbUnit v3.0.6.787/NSarrac.Framework.Test.Unit/OperatingSystemDataTest/EqualsWithNonEqualType" testId="e18c8dc8c003bb4c" isPrimary="true" isTestCase="true" isDynamic="false">
                        <codeReference assembly="NSarrac.Framework.Test.Unit, Version=1.0.0.0, Culture=neutral, PublicKeyToken=null" namespace="NSarrac.Framework.Test.Unit" type="NSarrac.Framework.Test.Unit.OperatingSystemDataTest" member="EqualsWithNonEqualType" />
                        <codeLocation path="d:\documents\petrik\software\nSarrac\code\unstable\v1\src\framework.test.unit\OperatingSystemDataTest.cs" line="151" />
                        <metadata>
                          <entry key="TestKind">
                            <value>Test</value>
                          </entry>
                          <entry key="Description">
                            <value>Checks that an object is not equal to a object of a different type.</value>
                          </entry>
                        </metadata>
                      </testStep>
                      <children />
                      <result assertCount="1" duration="0.0224697">
                        <outcome status="passed" />
                      </result>
                      <testLog>
                        <streams />
                        <attachments />
                      </testLog>
                    </testStepRun>
                    <testStepRun startTime="2009-09-05T20:54:41.9693631+12:00" endTime="2009-09-05T20:54:41.9903643+12:00">
                      <testStep id="ce57610a553df104" name="EqualsWithNullData" fullName="MbUnit v3.0.6.787/NSarrac.Framework.Test.Unit/OperatingSystemDataTest/EqualsWithNullData" testId="7eaa47c36003d8ca" isPrimary="true" isTestCase="true" isDynamic="false">
                        <codeReference assembly="NSarrac.Framework.Test.Unit, Version=1.0.0.0, Culture=neutral, PublicKeyToken=null" namespace="NSarrac.Framework.Test.Unit" type="NSarrac.Framework.Test.Unit.OperatingSystemDataTest" member="EqualsWithNullData" />
                        <codeLocation path="d:\documents\petrik\software\nSarrac\code\unstable\v1\src\framework.test.unit\OperatingSystemDataTest.cs" line="74" />
                        <metadata>
                          <entry key="TestKind">
                            <value>Test</value>
                          </entry>
                          <entry key="Description">
                            <value>Checks that an object is not equal to a null OperatingSytemData object.</value>
                          </entry>
                        </metadata>
                      </testStep>
                      <children />
                      <result assertCount="1" duration="0.0215846">
                        <outcome status="passed" />
                      </result>
                      <testLog>
                        <streams />
                        <attachments />
                      </testLog>
                    </testStepRun>
                    <testStepRun startTime="2009-09-05T20:54:42.0073653+12:00" endTime="2009-09-05T20:54:42.0273664+12:00">
                      <testStep id="35193b0109d2881e" name="EqualsWithNullObject" fullName="MbUnit v3.0.6.787/NSarrac.Framework.Test.Unit/OperatingSystemDataTest/EqualsWithNullObject" testId="f73d51c5434f3831" isPrimary="true" isTestCase="true" isDynamic="false">
                        <codeReference assembly="NSarrac.Framework.Test.Unit, Version=1.0.0.0, Culture=neutral, PublicKeyToken=null" namespace="NSarrac.Framework.Test.Unit" type="NSarrac.Framework.Test.Unit.OperatingSystemDataTest" member="EqualsWithNullObject" />
                        <codeLocation path="d:\documents\petrik\software\nSarrac\code\unstable\v1\src\framework.test.unit\OperatingSystemDataTest.cs" line="138" />
                        <metadata>
                          <entry key="TestKind">
                            <value>Test</value>
                          </entry>
                          <entry key="Description">
                            <value>Checks that an object is not equal to a null object.</value>
                          </entry>
                        </metadata>
                      </testStep>
                      <children />
                      <result assertCount="1" duration="0.0211199">
                        <outcome status="passed" />
                      </result>
                      <testLog>
                        <streams />
                        <attachments />
                      </testLog>
                    </testStepRun>
                    <testStepRun startTime="2009-09-05T20:54:42.0633685+12:00" endTime="2009-09-05T20:54:42.0813695+12:00">
                      <testStep id="da90f97c61ec5523" name="EqualsWithSelfData" fullName="MbUnit v3.0.6.787/NSarrac.Framework.Test.Unit/OperatingSystemDataTest/EqualsWithSelfData" testId="d39d7eac187d3f8e" isPrimary="true" isTestCase="true" isDynamic="false">
                        <codeReference assembly="NSarrac.Framework.Test.Unit, Version=1.0.0.0, Culture=neutral, PublicKeyToken=null" namespace="NSarrac.Framework.Test.Unit" type="NSarrac.Framework.Test.Unit.OperatingSystemDataTest" member="EqualsWithSelfData" />
                        <codeLocation path="d:\documents\petrik\software\nSarrac\code\unstable\v1\src\framework.test.unit\OperatingSystemDataTest.cs" line="125" />
                        <metadata>
                          <entry key="TestKind">
                            <value>Test</value>
                          </entry>
                          <entry key="Description">
                            <value>Checks that an object is equal to itself.</value>
                          </entry>
                        </metadata>
                      </testStep>
                      <children />
                      <result assertCount="1" duration="0.021418">
                        <outcome status="passed" />
                      </result>
                      <testLog>
                        <streams />
                        <attachments />
                      </testLog>
                    </testStepRun>
                    <testStepRun startTime="2009-09-05T20:54:42.0933702+12:00" endTime="2009-09-05T20:54:42.1053709+12:00">
                      <testStep id="3b307d2a68df9626" name="EqualsWithSelfObject" fullName="MbUnit v3.0.6.787/NSarrac.Framework.Test.Unit/OperatingSystemDataTest/EqualsWithSelfObject" testId="7ba5240822fbccf3" isPrimary="true" isTestCase="true" isDynamic="false">
                        <codeReference assembly="NSarrac.Framework.Test.Unit, Version=1.0.0.0, Culture=neutral, PublicKeyToken=null" namespace="NSarrac.Framework.Test.Unit" type="NSarrac.Framework.Test.Unit.OperatingSystemDataTest" member="EqualsWithSelfObject" />
                        <codeLocation path="d:\documents\petrik\software\nSarrac\code\unstable\v1\src\framework.test.unit\OperatingSystemDataTest.cs" line="202" />
                        <metadata>
                          <entry key="TestKind">
                            <value>Test</value>
                          </entry>
                          <entry key="Description">
                            <value>Checks that an object is equal to itself.</value>
                          </entry>
                        </metadata>
                      </testStep>
                      <children />
                      <result assertCount="1" duration="0.0126828">
                        <outcome status="passed" />
                      </result>
                      <testLog>
                        <streams />
                        <attachments />
                      </testLog>
                    </testStepRun>
                  </children>
                  <result assertCount="16" duration="0.9487586">
                    <outcome status="failed" />
                  </result>
                  <testLog>
                    <streams />
                    <attachments />
                  </testLog>
                </testStepRun>
                <testStepRun startTime="2009-09-05T20:54:42.125372+12:00" endTime="2009-09-05T20:54:42.2563795+12:00">
                  <testStep id="e85cc83d8fb45436" name="ReportBodyTest" fullName="MbUnit v3.0.6.787/NSarrac.Framework.Test.Unit/ReportBodyTest" testId="fb19391cf8a2be8a" isPrimary="true" isTestCase="false" isDynamic="false">
                    <codeReference assembly="NSarrac.Framework.Test.Unit, Version=1.0.0.0, Culture=neutral, PublicKeyToken=null" namespace="NSarrac.Framework" type="NSarrac.Framework.ReportBodyTest" />
                    <codeLocation path="d:\documents\petrik\software\nSarrac\code\unstable\v1\src\framework.test.unit\ReportBodyTest.cs" />
                    <metadata>
                      <entry key="TestKind">
                        <value>Fixture</value>
                      </entry>
                      <entry key="Description">
                        <value>Tests the ReportBody class.</value>
                      </entry>
                    </metadata>
                  </testStep>
                  <children>
                    <testStepRun startTime="2009-09-05T20:54:42.1343725+12:00" endTime="2009-09-05T20:54:42.1733747+12:00">
                      <testStep id="7282f87c0e26e39c" name="AddAssemblies" fullName="MbUnit v3.0.6.787/NSarrac.Framework.Test.Unit/ReportBodyTest/AddAssemblies" testId="267951f042c55fcb" isPrimary="true" isTestCase="true" isDynamic="false">
                        <codeReference assembly="NSarrac.Framework.Test.Unit, Version=1.0.0.0, Culture=neutral, PublicKeyToken=null" namespace="NSarrac.Framework" type="NSarrac.Framework.ReportBodyTest" member="AddAssemblies" />
                        <codeLocation path="d:\documents\petrik\software\nSarrac\code\unstable\v1\src\framework.test.unit\ReportBodyTest.cs" line="22" />
                        <metadata>
                          <entry key="TestKind">
                            <value>Test</value>
                          </entry>
                          <entry key="Description">
                            <value>Checks that assembly information is stored properly.</value>
                          </entry>
                        </metadata>
                      </testStep>
                      <children />
                      <result assertCount="1" duration="0.039507099999999996">
                        <outcome status="passed" />
                      </result>
                      <testLog>
                        <streams />
                        <attachments />
                      </testLog>
                    </testStepRun>
                    <testStepRun startTime="2009-09-05T20:54:42.1863755+12:00" endTime="2009-09-05T20:54:42.2003763+12:00">
                      <testStep id="f6ad748d7dc67799" name="AddConfigurations" fullName="MbUnit v3.0.6.787/NSarrac.Framework.Test.Unit/ReportBodyTest/AddConfigurations" testId="4a80afba3c8942e5" isPrimary="true" isTestCase="true" isDynamic="false">
                        <codeReference assembly="NSarrac.Framework.Test.Unit, Version=1.0.0.0, Culture=neutral, PublicKeyToken=null" namespace="NSarrac.Framework" type="NSarrac.Framework.ReportBodyTest" member="AddConfigurations" />
                        <codeLocation path="d:\documents\petrik\software\nSarrac\code\unstable\v1\src\framework.test.unit\ReportBodyTest.cs" line="64" />
                        <metadata>
                          <entry key="TestKind">
                            <value>Test</value>
                          </entry>
                          <entry key="Description">
                            <value>Checks that configuration information is stored properly.</value>
                          </entry>
                        </metadata>
                      </testStep>
                      <children />
                      <result assertCount="1" duration="0.017681">
                        <outcome status="passed" />
                      </result>
                      <testLog>
                        <streams />
                        <attachments />
                      </testLog>
                    </testStepRun>
                    <testStepRun startTime="2009-09-05T20:54:42.2103769+12:00" endTime="2009-09-05T20:54:42.2233776+12:00">
                      <testStep id="394b53b66c2d388e" name="ReplaceAssemblies" fullName="MbUnit v3.0.6.787/NSarrac.Framework.Test.Unit/ReportBodyTest/ReplaceAssemblies" testId="5a38fc2f48593e27" isPrimary="true" isTestCase="true" isDynamic="false">
                        <codeReference assembly="NSarrac.Framework.Test.Unit, Version=1.0.0.0, Culture=neutral, PublicKeyToken=null" namespace="NSarrac.Framework" type="NSarrac.Framework.ReportBodyTest" member="ReplaceAssemblies" />
                        <codeLocation path="d:\documents\petrik\software\nSarrac\code\unstable\v1\src\framework.test.unit\ReportBodyTest.cs" line="44" />
                        <metadata>
                          <entry key="TestKind">
                            <value>Test</value>
                          </entry>
                          <entry key="Description">
                            <value>Checks that new assembly information overwrites existing assembly information.</value>
                          </entry>
                        </metadata>
                      </testStep>
                      <children />
                      <result assertCount="1" duration="0.0138896">
                        <outcome status="passed" />
                      </result>
                      <testLog>
                        <streams />
                        <attachments />
                      </testLog>
                    </testStepRun>
                    <testStepRun startTime="2009-09-05T20:54:42.2333782+12:00" endTime="2009-09-05T20:54:42.2453789+12:00">
                      <testStep id="befeadff51b12ceb" name="ReplaceConfigurations" fullName="MbUnit v3.0.6.787/NSarrac.Framework.Test.Unit/ReportBodyTest/ReplaceConfigurations" testId="3c0a216679879f7a" isPrimary="true" isTestCase="true" isDynamic="false">
                        <codeReference assembly="NSarrac.Framework.Test.Unit, Version=1.0.0.0, Culture=neutral, PublicKeyToken=null" namespace="NSarrac.Framework" type="NSarrac.Framework.ReportBodyTest" member="ReplaceConfigurations" />
                        <codeLocation path="d:\documents\petrik\software\nSarrac\code\unstable\v1\src\framework.test.unit\ReportBodyTest.cs" line="83" />
                        <metadata>
                          <entry key="TestKind">
                            <value>Test</value>
                          </entry>
                          <entry key="Description">
                            <value>Checks that new configuration information overwrites existing configuration information.</value>
                          </entry>
                        </metadata>
                      </testStep>
                      <children />
                      <result assertCount="1" duration="0.013167499999999999">
                        <outcome status="passed" />
                      </result>
                      <testLog>
                        <streams />
                        <attachments />
                      </testLog>
                    </testStepRun>
                  </children>
                  <result assertCount="4" duration="0.1313077">
                    <outcome status="passed" />
                  </result>
                  <testLog>
                    <streams />
                    <attachments />
                  </testLog>
                </testStepRun>
                <testStepRun startTime="2009-09-05T20:54:42.2673801+12:00" endTime="2009-09-05T20:54:42.3803866+12:00">
                  <testStep id="96d6e46ef15364a0" name="ReportTest" fullName="MbUnit v3.0.6.787/NSarrac.Framework.Test.Unit/ReportTest" testId="a169046a59785a96" isPrimary="true" isTestCase="false" isDynamic="false">
                    <codeReference assembly="NSarrac.Framework.Test.Unit, Version=1.0.0.0, Culture=neutral, PublicKeyToken=null" namespace="NSarrac.Framework.Test.Unit" type="NSarrac.Framework.Test.Unit.ReportTest" />
                    <codeLocation path="d:\documents\petrik\software\nSarrac\code\unstable\v1\src\framework.test.unit\ReportTest.cs" />
                    <metadata>
                      <entry key="TestKind">
                        <value>Fixture</value>
                      </entry>
                      <entry key="Description">
                        <value>Tests the Report class.</value>
                      </entry>
                    </metadata>
                  </testStep>
                  <children>
                    <testStepRun startTime="2009-09-05T20:54:42.282381+12:00" endTime="2009-09-05T20:54:42.3023821+12:00">
                      <testStep id="cd726ab53e76451e" name="Create" fullName="MbUnit v3.0.6.787/NSarrac.Framework.Test.Unit/ReportTest/Create" testId="84a9d9c67d32914a" isPrimary="true" isTestCase="true" isDynamic="false">
                        <codeReference assembly="NSarrac.Framework.Test.Unit, Version=1.0.0.0, Culture=neutral, PublicKeyToken=null" namespace="NSarrac.Framework.Test.Unit" type="NSarrac.Framework.Test.Unit.ReportTest" member="Create" />
                        <codeLocation path="d:\documents\petrik\software\nSarrac\code\unstable\v1\src\framework.test.unit\ReportTest.cs" line="20" />
                        <metadata>
                          <entry key="TestKind">
                            <value>Test</value>
                          </entry>
                          <entry key="Description">
                            <value>Tests that a report stores the report body correctly.</value>
                          </entry>
                        </metadata>
                      </testStep>
                      <children />
                      <result assertCount="1" duration="0.0213824">
                        <outcome status="passed" />
                      </result>
                      <testLog>
                        <streams />
                        <attachments />
                      </testLog>
                    </testStepRun>
                    <testStepRun startTime="2009-09-05T20:54:42.3193831+12:00" endTime="2009-09-05T20:54:42.3553852+12:00">
                      <testStep id="aa8ecc3a8ee0b586" name="CreateWithNullStream" fullName="MbUnit v3.0.6.787/NSarrac.Framework.Test.Unit/ReportTest/CreateWithNullStream" testId="7fa19f0cc29172a" isPrimary="true" isTestCase="true" isDynamic="false">
                        <codeReference assembly="NSarrac.Framework.Test.Unit, Version=1.0.0.0, Culture=neutral, PublicKeyToken=null" namespace="NSarrac.Framework.Test.Unit" type="NSarrac.Framework.Test.Unit.ReportTest" member="CreateWithNullStream" />
                        <codeLocation path="d:\documents\petrik\software\nSarrac\code\unstable\v1\src\framework.test.unit\ReportTest.cs" line="30" />
                        <metadata>
                          <entry key="TestKind">
                            <value>Test</value>
                          </entry>
                          <entry key="Description">
                            <value>Tests that a report cannot be created without a body.</value>
                          </entry>
                        </metadata>
                      </testStep>
                      <children />
                      <result assertCount="1" duration="0.0374597">
                        <outcome status="passed" />
                      </result>
                      <testLog>
                        <streams />
                        <attachments />
                      </testLog>
                    </testStepRun>
                  </children>
                  <result assertCount="2" duration="0.1134124">
                    <outcome status="passed" />
                  </result>
                  <testLog>
                    <streams />
                    <attachments />
                  </testLog>
                </testStepRun>
              </children>
              <result assertCount="36" duration="1.8545749999999999">
                <outcome status="failed" />
              </result>
              <testLog>
                <streams />
                <attachments />
              </testLog>
            </testStepRun>
          </children>
          <result assertCount="36" duration="1.9213859999999998">
            <outcome status="failed" />
          </result>
          <testLog>
            <streams />
            <attachments />
          </testLog>
        </testStepRun>
      </children>
      <result assertCount="36" duration="3.7358458999999997">
        <outcome status="failed" />
      </result>
      <testLog>
        <streams />
        <attachments />
      </testLog>
    </testStepRun>
    <statistics assertCount="36" duration="4.5087091" runCount="33" passedCount="31" failedCount="2" inconclusiveCount="0" skippedCount="0" testCount="33" stepCount="40">
      <outcomeSummaries>
        <outcomeSummary count="31">
          <outcome status="passed" />
        </outcomeSummary>
        <outcomeSummary count="2">
          <outcome status="failed" />
        </outcomeSummary>
      </outcomeSummaries>
    </statistics>
  </testPackageRun>
  <logEntries>
    <logEntry severity="info" message="Host started at 5/09/2009 20:54:38." />
    <logEntry severity="debug" message="Listening for connections on IPC port: 'IsolatedProcessHost.d30ac7e3def08550'" />
    <logEntry severity="info" message="Host stopped at 5/09/2009 20:54:42." />
    <logEntry severity="info" message="Host process exited with code: 0" />
  </logEntries>
</report>